compile C:/Users/rhys_/AppData/Local/Temp/hemtt/Repositories_95th-Legion-Aux_95th-Legion-Main-Rework/asc/output/z/AUX_95th/addons/players/axe/XEH_postInit.sqfc
compile C:/Users/rhys_/AppData/Local/Temp/hemtt/Repositories_95th-Legion-Aux_95th-Legion-Main-Rework/asc/output/z/AUX_95th/addons/players/axe/XEH_preInit_server.sqfc
compile C:/Users/rhys_/AppData/Local/Temp/hemtt/Repositories_95th-Legion-Aux_95th-Legion-Main-Rework/asc/output/z/AUX_95th/addons/players/axe/XEH_preInit.sqfc
compile C:/Users/rhys_/AppData/Local/Temp/hemtt/Repositories_95th-Legion-Aux_95th-Legion-Main-Rework/asc/output/z/AUX_95th/addons/players/axe/XEH_postInit_client.sqfc
compile C:/Users/rhys_/AppData/Local/Temp/hemtt/Repositories_95th-Legion-Aux_95th-Legion-Main-Rework/asc/output/z/AUX_95th/addons/players/blue/XEH_postInit.sqfc
compile C:/Users/rhys_/AppData/Local/Temp/hemtt/Repositories_95th-Legion-Aux_95th-Legion-Main-Rework/asc/output/z/AUX_95th/addons/players/blue/XEH_preInit.sqfc
compile C:/Users/rhys_/AppData/Local/Temp/hemtt/Repositories_95th-Legion-Aux_95th-Legion-Main-Rework/asc/output/z/AUX_95th/addons/players/blue/XEH_postInit_client.sqfc
compile C:/Users/rhys_/AppData/Local/Temp/hemtt/Repositories_95th-Legion-Aux_95th-Legion-Main-Rework/asc/output/z/AUX_95th/addons/players/blue/XEH_preInit_server.sqfc
compile C:/Users/rhys_/AppData/Local/Temp/hemtt/Repositories_95th-Legion-Aux_95th-Legion-Main-Rework/asc/output/z/AUX_95th/addons/players/boom/XEH_postInit.sqfc
compile C:/Users/rhys_/AppData/Local/Temp/hemtt/Repositories_95th-Legion-Aux_95th-Legion-Main-Rework/asc/output/z/AUX_95th/addons/players/boom/XEH_postInit_client.sqfc
compile C:/Users/rhys_/AppData/Local/Temp/hemtt/Repositories_95th-Legion-Aux_95th-Legion-Main-Rework/asc/output/z/AUX_95th/addons/players/boom/XEH_preInit.sqfc
compile C:/Users/rhys_/AppData/Local/Temp/hemtt/Repositories_95th-Legion-Aux_95th-Legion-Main-Rework/asc/output/z/AUX_95th/addons/players/boom/XEH_preInit_server.sqfc
compile C:/Users/rhys_/AppData/Local/Temp/hemtt/Repositories_95th-Legion-Aux_95th-Legion-Main-Rework/asc/output/z/AUX_95th/addons/players/bretek/XEH_postInit_client.sqfc
compile C:/Users/rhys_/AppData/Local/Temp/hemtt/Repositories_95th-Legion-Aux_95th-Legion-Main-Rework/asc/output/z/AUX_95th/addons/players/bretek/XEH_postInit.sqfc
compile C:/Users/rhys_/AppData/Local/Temp/hemtt/Repositories_95th-Legion-Aux_95th-Legion-Main-Rework/asc/output/z/AUX_95th/addons/players/bretek/XEH_preInit.sqfc
compile C:/Users/rhys_/AppData/Local/Temp/hemtt/Repositories_95th-Legion-Aux_95th-Legion-Main-Rework/asc/output/z/AUX_95th/addons/players/bretek/XEH_preInit_server.sqfc
compile C:/Users/rhys_/AppData/Local/Temp/hemtt/Repositories_95th-Legion-Aux_95th-Legion-Main-Rework/asc/output/z/AUX_95th/addons/players/cheezy/XEH_postInit.sqfc
compile C:/Users/rhys_/AppData/Local/Temp/hemtt/Repositories_95th-Legion-Aux_95th-Legion-Main-Rework/asc/output/z/AUX_95th/addons/players/cheezy/XEH_preInit_server.sqfc
compile C:/Users/rhys_/AppData/Local/Temp/hemtt/Repositories_95th-Legion-Aux_95th-Legion-Main-Rework/asc/output/z/AUX_95th/addons/players/cheezy/XEH_postInit_client.sqfc
compile C:/Users/rhys_/AppData/Local/Temp/hemtt/Repositories_95th-Legion-Aux_95th-Legion-Main-Rework/asc/output/z/AUX_95th/addons/players/cheezy/XEH_preInit.sqfc
compile compile C:/Users/rhys_/AppData/Local/Temp/hemtt/Repositories_95th-Legion-Aux_95th-Legion-Main-Rework/asc/output/z/AUX_95th/addons/players/dilanza/XEH_postInit.sqfc
C:/Users/rhys_/AppData/Local/Temp/hemtt/Repositories_95th-Legion-Aux_95th-Legion-Main-Rework/asc/output/z/AUX_95th/addons/players/chimera/XEH_preInit_server.sqfc
compile C:/Users/rhys_/AppData/Local/Temp/hemtt/Repositories_95th-Legion-Aux_95th-Legion-Main-Rework/asc/output/z/AUX_95th/addons/players/chimera/XEH_postInit_client.sqfc
compile C:/Users/rhys_/AppData/Local/Temp/hemtt/Repositories_95th-Legion-Aux_95th-Legion-Main-Rework/asc/output/z/AUX_95th/addons/players/chimera/XEH_postInit.sqfc
compile C:/Users/rhys_/AppData/Local/Temp/hemtt/Repositories_95th-Legion-Aux_95th-Legion-Main-Rework/asc/output/z/AUX_95th/addons/players/commie/XEH_postInit_client.sqfc
compile compile C:/Users/rhys_/AppData/Local/Temp/hemtt/Repositories_95th-Legion-Aux_95th-Legion-Main-Rework/asc/output/z/AUX_95th/addons/players/dilanza/XEH_postInit_client.sqfc
compile C:/Users/rhys_/AppData/Local/Temp/hemtt/Repositories_95th-Legion-Aux_95th-Legion-Main-Rework/asc/output/z/AUX_95th/addons/players/commie/XEH_preInit_server.sqfc
C:/Users/rhys_/AppData/Local/Temp/hemtt/Repositories_95th-Legion-Aux_95th-Legion-Main-Rework/asc/output/z/AUX_95th/addons/players/chimera/XEH_preInit.sqfc
compile C:/Users/rhys_/AppData/Local/Temp/hemtt/Repositories_95th-Legion-Aux_95th-Legion-Main-Rework/asc/output/z/AUX_95th/addons/players/commie/XEH_postInit.sqfc
compile C:/Users/rhys_/AppData/Local/Temp/hemtt/Repositories_95th-Legion-Aux_95th-Legion-Main-Rework/asc/output/z/AUX_95th/addons/players/commie/XEH_preInit.sqfc
compile C:/Users/rhys_/AppData/Local/Temp/hemtt/Repositories_95th-Legion-Aux_95th-Legion-Main-Rework/asc/output/z/AUX_95th/addons/players/dilanza/XEH_preInit.sqfc
compile C:/Users/rhys_/AppData/Local/Temp/hemtt/Repositories_95th-Legion-Aux_95th-Legion-Main-Rework/asc/output/z/AUX_95th/addons/players/dilanza/XEH_preInit_server.sqfc
compile C:/Users/rhys_/AppData/Local/Temp/hemtt/Repositories_95th-Legion-Aux_95th-Legion-Main-Rework/asc/output/z/AUX_95th/addons/players/dracus/XEH_preInit.sqfc
compile C:/Users/rhys_/AppData/Local/Temp/hemtt/Repositories_95th-Legion-Aux_95th-Legion-Main-Rework/asc/output/z/AUX_95th/addons/players/dracus/XEH_postInit.sqfc
compile C:/Users/rhys_/AppData/Local/Temp/hemtt/Repositories_95th-Legion-Aux_95th-Legion-Main-Rework/asc/output/z/AUX_95th/addons/players/edge/XEH_postInit.sqfc
compile C:/Users/rhys_/AppData/Local/Temp/hemtt/Repositories_95th-Legion-Aux_95th-Legion-Main-Rework/asc/output/z/AUX_95th/addons/players/edge/XEH_postInit_client.sqfc
compile C:/Users/rhys_/AppData/Local/Temp/hemtt/Repositories_95th-Legion-Aux_95th-Legion-Main-Rework/asc/output/z/AUX_95th/addons/players/dracus/XEH_postInit_client.sqfc
compile C:/Users/rhys_/AppData/Local/Temp/hemtt/Repositories_95th-Legion-Aux_95th-Legion-Main-Rework/asc/output/z/AUX_95th/addons/players/dracus/XEH_preInit_server.sqfc
compile C:/Users/rhys_/AppData/Local/Temp/hemtt/Repositories_95th-Legion-Aux_95th-Legion-Main-Rework/asc/output/z/AUX_95th/addons/players/edge/XEH_preInit.sqfc
compile C:/Users/rhys_/AppData/Local/Temp/hemtt/Repositories_95th-Legion-Aux_95th-Legion-Main-Rework/asc/output/z/AUX_95th/addons/players/edge/XEH_preInit_server.sqfc
compile C:/Users/rhys_/AppData/Local/Temp/hemtt/Repositories_95th-Legion-Aux_95th-Legion-Main-Rework/asc/output/z/AUX_95th/addons/players/examplePlayer/XEH_postInit.sqfc
compile C:/Users/rhys_/AppData/Local/Temp/hemtt/Repositories_95th-Legion-Aux_95th-Legion-Main-Rework/asc/output/z/AUX_95th/addons/players/examplePlayer/XEH_postInit_client.sqfc
compile C:/Users/rhys_/AppData/Local/Temp/hemtt/Repositories_95th-Legion-Aux_95th-Legion-Main-Rework/asc/output/z/AUX_95th/addons/players/examplePlayer/XEH_preInit.sqfc
compile C:/Users/rhys_/AppData/Local/Temp/hemtt/Repositories_95th-Legion-Aux_95th-Legion-Main-Rework/asc/output/z/AUX_95th/addons/players/examplePlayer/XEH_preInit_server.sqfc
compile C:/Users/rhys_/AppData/Local/Temp/hemtt/Repositories_95th-Legion-Aux_95th-Legion-Main-Rework/asc/output/z/AUX_95th/addons/players/foley/XEH_postInit_client.sqfc
compile C:/Users/rhys_/AppData/Local/Temp/hemtt/Repositories_95th-Legion-Aux_95th-Legion-Main-Rework/asc/output/z/AUX_95th/addons/players/foley/XEH_preInit.sqfc
compile C:/Users/rhys_/AppData/Local/Temp/hemtt/Repositories_95th-Legion-Aux_95th-Legion-Main-Rework/asc/output/z/AUX_95th/addons/players/foley/XEH_postInit.sqfc
compile C:/Users/rhys_/AppData/Local/Temp/hemtt/Repositories_95th-Legion-Aux_95th-Legion-Main-Rework/asc/output/z/AUX_95th/addons/players/foley/XEH_preInit_server.sqfc
compile C:/Users/rhys_/AppData/Local/Temp/hemtt/Repositories_95th-Legion-Aux_95th-Legion-Main-Rework/asc/output/z/AUX_95th/addons/players/ghost/XEH_postInit_client.sqfc
compile C:/Users/rhys_/AppData/Local/Temp/hemtt/Repositories_95th-Legion-Aux_95th-Legion-Main-Rework/asc/output/z/AUX_95th/addons/players/galvin/XEH_postInit.sqfc
compile C:/Users/rhys_/AppData/Local/Temp/hemtt/Repositories_95th-Legion-Aux_95th-Legion-Main-Rework/asc/output/z/AUX_95th/addons/players/gear/XEH_postInit_client.sqfc
compile C:/Users/rhys_/AppData/Local/Temp/hemtt/Repositories_95th-Legion-Aux_95th-Legion-Main-Rework/asc/output/z/AUX_95th/addons/players/gear/XEH_postInit.sqfc
compile compile C:/Users/rhys_/AppData/Local/Temp/hemtt/Repositories_95th-Legion-Aux_95th-Legion-Main-Rework/asc/output/z/AUX_95th/addons/players/galvin/XEH_postInit_client.sqfc
C:/Users/rhys_/AppData/Local/Temp/hemtt/Repositories_95th-Legion-Aux_95th-Legion-Main-Rework/asc/output/z/AUX_95th/addons/players/galvin/XEH_preInit_server.sqfc
compile C:/Users/rhys_/AppData/Local/Temp/hemtt/Repositories_95th-Legion-Aux_95th-Legion-Main-Rework/asc/output/z/AUX_95th/addons/players/gear/XEH_preInit.sqfc
compile C:/Users/rhys_/AppData/Local/Temp/hemtt/Repositories_95th-Legion-Aux_95th-Legion-Main-Rework/asc/output/z/AUX_95th/addons/players/gear/XEH_preInit_server.sqfc
compile C:/Users/rhys_/AppData/Local/Temp/hemtt/Repositories_95th-Legion-Aux_95th-Legion-Main-Rework/asc/output/z/AUX_95th/addons/players/galvin/XEH_preInit.sqfc
compile C:/Users/rhys_/AppData/Local/Temp/hemtt/Repositories_95th-Legion-Aux_95th-Legion-Main-Rework/asc/output/z/AUX_95th/addons/players/ghost/XEH_preInit_server.sqfc
compile C:/Users/rhys_/AppData/Local/Temp/hemtt/Repositories_95th-Legion-Aux_95th-Legion-Main-Rework/asc/output/z/AUX_95th/addons/players/ghost/XEH_postInit.sqfc
compile C:/Users/rhys_/AppData/Local/Temp/hemtt/Repositories_95th-Legion-Aux_95th-Legion-Main-Rework/asc/output/z/AUX_95th/addons/players/ghost/XEH_preInit.sqfc
compile C:/Users/rhys_/AppData/Local/Temp/hemtt/Repositories_95th-Legion-Aux_95th-Legion-Main-Rework/asc/output/z/AUX_95th/addons/players/gum/XEH_postInit.sqfc
compile C:/Users/rhys_/AppData/Local/Temp/hemtt/Repositories_95th-Legion-Aux_95th-Legion-Main-Rework/asc/output/z/AUX_95th/addons/players/gum/XEH_postInit_client.sqfc
compile C:/Users/rhys_/AppData/Local/Temp/hemtt/Repositories_95th-Legion-Aux_95th-Legion-Main-Rework/asc/output/z/AUX_95th/addons/players/gum/XEH_preInit_server.sqfc
compile C:/Users/rhys_/AppData/Local/Temp/hemtt/Repositories_95th-Legion-Aux_95th-Legion-Main-Rework/asc/output/z/AUX_95th/addons/players/havoc/XEH_preInit_server.sqfc
compile compile C:/Users/rhys_/AppData/Local/Temp/hemtt/Repositories_95th-Legion-Aux_95th-Legion-Main-Rework/asc/output/z/AUX_95th/addons/players/havoc/XEH_postInit_client.sqfc
C:/Users/rhys_/AppData/Local/Temp/hemtt/Repositories_95th-Legion-Aux_95th-Legion-Main-Rework/asc/output/z/AUX_95th/addons/players/havoc/XEH_preInit.sqfc
compile C:/Users/rhys_/AppData/Local/Temp/hemtt/Repositories_95th-Legion-Aux_95th-Legion-Main-Rework/asc/output/z/AUX_95th/addons/players/havoc/XEH_postInit.sqfc
compile C:/Users/rhys_/AppData/Local/Temp/hemtt/Repositories_95th-Legion-Aux_95th-Legion-Main-Rework/asc/output/z/AUX_95th/addons/players/hazard/XEH_postInit.sqfc
compile C:/Users/rhys_/AppData/Local/Temp/hemtt/Repositories_95th-Legion-Aux_95th-Legion-Main-Rework/asc/output/z/AUX_95th/addons/players/gum/XEH_preInit.sqfc
compile C:/Users/rhys_/AppData/Local/Temp/hemtt/Repositories_95th-Legion-Aux_95th-Legion-Main-Rework/asc/output/z/AUX_95th/addons/players/hazard/XEH_postInit_client.sqfc
compile C:/Users/rhys_/AppData/Local/Temp/hemtt/Repositories_95th-Legion-Aux_95th-Legion-Main-Rework/asc/output/z/AUX_95th/addons/players/hazard/XEH_preInit_server.sqfc
compile C:/Users/rhys_/AppData/Local/Temp/hemtt/Repositories_95th-Legion-Aux_95th-Legion-Main-Rework/asc/output/z/AUX_95th/addons/players/hazard/XEH_preInit.sqfc
compile C:/Users/rhys_/AppData/Local/Temp/hemtt/Repositories_95th-Legion-Aux_95th-Legion-Main-Rework/asc/output/z/AUX_95th/addons/players/hypo/XEH_postInit.sqfc
compile C:/Users/rhys_/AppData/Local/Temp/hemtt/Repositories_95th-Legion-Aux_95th-Legion-Main-Rework/asc/output/z/AUX_95th/addons/players/hypo/XEH_preInit.sqfc
compile C:/Users/rhys_/AppData/Local/Temp/hemtt/Repositories_95th-Legion-Aux_95th-Legion-Main-Rework/asc/output/z/AUX_95th/addons/players/hypo/XEH_preInit_server.sqfc
compile C:/Users/rhys_/AppData/Local/Temp/hemtt/Repositories_95th-Legion-Aux_95th-Legion-Main-Rework/asc/output/z/AUX_95th/addons/players/hypo/XEH_postInit_client.sqfc
compile C:/Users/rhys_/AppData/Local/Temp/hemtt/Repositories_95th-Legion-Aux_95th-Legion-Main-Rework/asc/output/z/AUX_95th/addons/players/lieutenant/XEH_postInit_client.sqfc
compile compile C:/Users/rhys_/AppData/Local/Temp/hemtt/Repositories_95th-Legion-Aux_95th-Legion-Main-Rework/asc/output/z/AUX_95th/addons/players/kaz/XEH_preInit_server.sqfc
C:/Users/rhys_/AppData/Local/Temp/hemtt/Repositories_95th-Legion-Aux_95th-Legion-Main-Rework/asc/output/z/AUX_95th/addons/players/jinter/XEH_postInit_client.sqfc
compile compile C:/Users/rhys_/AppData/Local/Temp/hemtt/Repositories_95th-Legion-Aux_95th-Legion-Main-Rework/asc/output/z/AUX_95th/addons/players/kev/XEH_preInit.sqfc
compile C:/Users/rhys_/AppData/Local/Temp/hemtt/Repositories_95th-Legion-Aux_95th-Legion-Main-Rework/asc/output/z/AUX_95th/addons/players/lieutenant/XEH_preInit.sqfc
C:/Users/rhys_/AppData/Local/Temp/hemtt/Repositories_95th-Legion-Aux_95th-Legion-Main-Rework/asc/output/z/AUX_95th/addons/players/kong/XEH_postInit_client.sqfc
compile compile C:/Users/rhys_/AppData/Local/Temp/hemtt/Repositories_95th-Legion-Aux_95th-Legion-Main-Rework/asc/output/z/AUX_95th/addons/players/kev/XEH_postInit.sqfc
C:/Users/rhys_/AppData/Local/Temp/hemtt/Repositories_95th-Legion-Aux_95th-Legion-Main-Rework/asc/output/z/AUX_95th/addons/players/kev/XEH_postInit_client.sqfc
compile compile C:/Users/rhys_/AppData/Local/Temp/hemtt/Repositories_95th-Legion-Aux_95th-Legion-Main-Rework/asc/output/z/AUX_95th/addons/players/jinter/XEH_preInit.sqfc
C:/Users/rhys_/AppData/Local/Temp/hemtt/Repositories_95th-Legion-Aux_95th-Legion-Main-Rework/asc/output/z/AUX_95th/addons/players/lieutenant/XEH_postInit.sqfc
compile C:/Users/rhys_/AppData/Local/Temp/hemtt/Repositories_95th-Legion-Aux_95th-Legion-Main-Rework/asc/output/z/AUX_95th/addons/players/kong/XEH_postInit.sqfc
compile C:/Users/rhys_/AppData/Local/Temp/hemtt/Repositories_95th-Legion-Aux_95th-Legion-Main-Rework/asc/output/z/AUX_95th/addons/players/kaz/XEH_postInit.sqfc
compile C:/Users/rhys_/AppData/Local/Temp/hemtt/Repositories_95th-Legion-Aux_95th-Legion-Main-Rework/asc/output/z/AUX_95th/addons/players/kev/XEH_preInit_server.sqfc
compile compile C:/Users/rhys_/AppData/Local/Temp/hemtt/Repositories_95th-Legion-Aux_95th-Legion-Main-Rework/asc/output/z/AUX_95th/addons/players/kaz/XEH_preInit.sqfc
C:/Users/rhys_/AppData/Local/Temp/hemtt/Repositories_95th-Legion-Aux_95th-Legion-Main-Rework/asc/output/z/AUX_95th/addons/players/kong/XEH_preInit.sqfc
compile C:/Users/rhys_/AppData/Local/Temp/hemtt/Repositories_95th-Legion-Aux_95th-Legion-Main-Rework/asc/output/z/AUX_95th/addons/players/jinter/XEH_postInit.sqfc
compile C:/Users/rhys_/AppData/Local/Temp/hemtt/Repositories_95th-Legion-Aux_95th-Legion-Main-Rework/asc/output/z/AUX_95th/addons/players/king/XEH_preInit.sqfc
compile C:/Users/rhys_/AppData/Local/Temp/hemtt/Repositories_95th-Legion-Aux_95th-Legion-Main-Rework/asc/output/z/AUX_95th/addons/players/kaz/XEH_postInit_client.sqfc
compile C:/Users/rhys_/AppData/Local/Temp/hemtt/Repositories_95th-Legion-Aux_95th-Legion-Main-Rework/asc/output/z/AUX_95th/addons/players/kong/XEH_preInit_server.sqfc
compile C:/Users/rhys_/AppData/Local/Temp/hemtt/Repositories_95th-Legion-Aux_95th-Legion-Main-Rework/asc/output/z/AUX_95th/addons/players/king/XEH_postInit_client.sqfc
compile C:/Users/rhys_/AppData/Local/Temp/hemtt/Repositories_95th-Legion-Aux_95th-Legion-Main-Rework/asc/output/z/AUX_95th/addons/players/king/XEH_preInit_server.sqfc
compile C:/Users/rhys_/AppData/Local/Temp/hemtt/Repositories_95th-Legion-Aux_95th-Legion-Main-Rework/asc/output/z/AUX_95th/addons/players/jinter/XEH_preInit_server.sqfc
compile C:/Users/rhys_/AppData/Local/Temp/hemtt/Repositories_95th-Legion-Aux_95th-Legion-Main-Rework/asc/output/z/AUX_95th/addons/players/king/XEH_postInit.sqfc
compile C:/Users/rhys_/AppData/Local/Temp/hemtt/Repositories_95th-Legion-Aux_95th-Legion-Main-Rework/asc/output/z/AUX_95th/addons/players/lieutenant/XEH_preInit_server.sqfc
compile C:/Users/rhys_/AppData/Local/Temp/hemtt/Repositories_95th-Legion-Aux_95th-Legion-Main-Rework/asc/output/z/AUX_95th/addons/players/lisek/XEH_preInit.sqfc
compile C:/Users/rhys_/AppData/Local/Temp/hemtt/Repositories_95th-Legion-Aux_95th-Legion-Main-Rework/asc/output/z/AUX_95th/addons/players/lisek/XEH_postInit_client.sqfc
compile C:/Users/rhys_/AppData/Local/Temp/hemtt/Repositories_95th-Legion-Aux_95th-Legion-Main-Rework/asc/output/z/AUX_95th/addons/players/lisek/XEH_preInit_server.sqfc
compile C:/Users/rhys_/AppData/Local/Temp/hemtt/Repositories_95th-Legion-Aux_95th-Legion-Main-Rework/asc/output/z/AUX_95th/addons/players/lisek/XEH_postInit.sqfc
compile C:/Users/rhys_/AppData/Local/Temp/hemtt/Repositories_95th-Legion-Aux_95th-Legion-Main-Rework/asc/output/z/AUX_95th/addons/players/neary/XEH_postInit.sqfc
compile C:/Users/rhys_/AppData/Local/Temp/hemtt/Repositories_95th-Legion-Aux_95th-Legion-Main-Rework/asc/output/z/AUX_95th/addons/players/medic/XEH_preInit_server.sqfc
compile C:/Users/rhys_/AppData/Local/Temp/hemtt/Repositories_95th-Legion-Aux_95th-Legion-Main-Rework/asc/output/z/AUX_95th/addons/players/medic/XEH_preInit.sqfc
compile C:/Users/rhys_/AppData/Local/Temp/hemtt/Repositories_95th-Legion-Aux_95th-Legion-Main-Rework/asc/output/z/AUX_95th/addons/players/mermaid/XEH_postInit.sqfc
compile C:/Users/rhys_/AppData/Local/Temp/hemtt/Repositories_95th-Legion-Aux_95th-Legion-Main-Rework/asc/output/z/AUX_95th/addons/players/madHatter/XEH_postInit_client.sqfc
compile C:/Users/rhys_/AppData/Local/Temp/hemtt/Repositories_95th-Legion-Aux_95th-Legion-Main-Rework/asc/output/z/AUX_95th/addons/players/neary/XEH_postInit_client.sqfc
compile compile C:/Users/rhys_/AppData/Local/Temp/hemtt/Repositories_95th-Legion-Aux_95th-Legion-Main-Rework/asc/output/z/AUX_95th/addons/players/mermaid/XEH_preInit_server.sqfccompile 
compile C:/Users/rhys_/AppData/Local/Temp/hemtt/Repositories_95th-Legion-Aux_95th-Legion-Main-Rework/asc/output/z/AUX_95th/addons/players/manila/XEH_postInit.sqfc
C:/Users/rhys_/AppData/Local/Temp/hemtt/Repositories_95th-Legion-Aux_95th-Legion-Main-Rework/asc/output/z/AUX_95th/addons/players/mermaid/XEH_preInit.sqfc
C:/Users/rhys_/AppData/Local/Temp/hemtt/Repositories_95th-Legion-Aux_95th-Legion-Main-Rework/asc/output/z/AUX_95th/addons/players/neary/XEH_preInit.sqfc
compile C:/Users/rhys_/AppData/Local/Temp/hemtt/Repositories_95th-Legion-Aux_95th-Legion-Main-Rework/asc/output/z/AUX_95th/addons/players/manila/XEH_postInit_client.sqfc
compile C:/Users/rhys_/AppData/Local/Temp/hemtt/Repositories_95th-Legion-Aux_95th-Legion-Main-Rework/asc/output/z/AUX_95th/addons/players/medic/XEH_postInit_client.sqfc
compile compile C:/Users/rhys_/AppData/Local/Temp/hemtt/Repositories_95th-Legion-Aux_95th-Legion-Main-Rework/asc/output/z/AUX_95th/addons/players/madHatter/XEH_preInit.sqfc
C:/Users/rhys_/AppData/Local/Temp/hemtt/Repositories_95th-Legion-Aux_95th-Legion-Main-Rework/asc/output/z/AUX_95th/addons/players/mobius/XEH_preInit.sqfc
compile C:/Users/rhys_/AppData/Local/Temp/hemtt/Repositories_95th-Legion-Aux_95th-Legion-Main-Rework/asc/output/z/AUX_95th/addons/players/mobius/XEH_preInit_server.sqfc
compile C:/Users/rhys_/AppData/Local/Temp/hemtt/Repositories_95th-Legion-Aux_95th-Legion-Main-Rework/asc/output/z/AUX_95th/addons/players/madHatter/XEH_preInit_server.sqfc
compile compile C:/Users/rhys_/AppData/Local/Temp/hemtt/Repositories_95th-Legion-Aux_95th-Legion-Main-Rework/asc/output/z/AUX_95th/addons/players/manila/XEH_preInit.sqfc
C:/Users/rhys_/AppData/Local/Temp/hemtt/Repositories_95th-Legion-Aux_95th-Legion-Main-Rework/asc/output/z/AUX_95th/addons/players/manila/XEH_preInit_server.sqfc
compile C:/Users/rhys_/AppData/Local/Temp/hemtt/Repositories_95th-Legion-Aux_95th-Legion-Main-Rework/asc/output/z/AUX_95th/addons/players/mobius/XEH_postInit_client.sqfc
compile C:/Users/rhys_/AppData/Local/Temp/hemtt/Repositories_95th-Legion-Aux_95th-Legion-Main-Rework/asc/output/z/AUX_95th/addons/players/medic/XEH_postInit.sqfc
compile C:/Users/rhys_/AppData/Local/Temp/hemtt/Repositories_95th-Legion-Aux_95th-Legion-Main-Rework/asc/output/z/AUX_95th/addons/players/mermaid/XEH_postInit_client.sqfc
compile C:/Users/rhys_/AppData/Local/Temp/hemtt/Repositories_95th-Legion-Aux_95th-Legion-Main-Rework/asc/output/z/AUX_95th/addons/players/mobius/XEH_postInit.sqfc
compile C:/Users/rhys_/AppData/Local/Temp/hemtt/Repositories_95th-Legion-Aux_95th-Legion-Main-Rework/asc/output/z/AUX_95th/addons/players/madHatter/XEH_postInit.sqfc
compile C:/Users/rhys_/AppData/Local/Temp/hemtt/Repositories_95th-Legion-Aux_95th-Legion-Main-Rework/asc/output/z/AUX_95th/addons/players/neary/XEH_preInit_server.sqfc
compile C:/Users/rhys_/AppData/Local/Temp/hemtt/Repositories_95th-Legion-Aux_95th-Legion-Main-Rework/asc/output/z/AUX_95th/addons/players/neron/XEH_postInit_client.sqfc
compile compile C:/Users/rhys_/AppData/Local/Temp/hemtt/Repositories_95th-Legion-Aux_95th-Legion-Main-Rework/asc/output/z/AUX_95th/addons/players/neron/XEH_preInit.sqfc
C:/Users/rhys_/AppData/Local/Temp/hemtt/Repositories_95th-Legion-Aux_95th-Legion-Main-Rework/asc/output/z/AUX_95th/addons/players/neron/XEH_preInit_server.sqfc
compile C:/Users/rhys_/AppData/Local/Temp/hemtt/Repositories_95th-Legion-Aux_95th-Legion-Main-Rework/asc/output/z/AUX_95th/addons/players/neron/XEH_postInit.sqfc
compile C:/Users/rhys_/AppData/Local/Temp/hemtt/Repositories_95th-Legion-Aux_95th-Legion-Main-Rework/asc/output/z/AUX_95th/addons/players/night/XEH_postInit_client.sqfc
compile compile C:/Users/rhys_/AppData/Local/Temp/hemtt/Repositories_95th-Legion-Aux_95th-Legion-Main-Rework/asc/output/z/AUX_95th/addons/players/ratler/XEH_postInit_client.sqfc
C:/Users/rhys_/AppData/Local/Temp/hemtt/Repositories_95th-Legion-Aux_95th-Legion-Main-Rework/asc/output/z/AUX_95th/addons/players/osprey/XEH_preInit.sqfc
compile compile C:/Users/rhys_/AppData/Local/Temp/hemtt/Repositories_95th-Legion-Aux_95th-Legion-Main-Rework/asc/output/z/AUX_95th/addons/players/outcast/XEH_postInit_client.sqfc
C:/Users/rhys_/AppData/Local/Temp/hemtt/Repositories_95th-Legion-Aux_95th-Legion-Main-Rework/asc/output/z/AUX_95th/addons/players/night/XEH_postInit.sqfc
compile C:/Users/rhys_/AppData/Local/Temp/hemtt/Repositories_95th-Legion-Aux_95th-Legion-Main-Rework/asc/output/z/AUX_95th/addons/players/outcast/XEH_postInit.sqfc
compile C:/Users/rhys_/AppData/Local/Temp/hemtt/Repositories_95th-Legion-Aux_95th-Legion-Main-Rework/asc/output/z/AUX_95th/addons/players/ratler/XEH_postInit.sqfc
compile C:/Users/rhys_/AppData/Local/Temp/hemtt/Repositories_95th-Legion-Aux_95th-Legion-Main-Rework/asc/output/z/AUX_95th/addons/players/night/XEH_preInit.sqfc
compile C:/Users/rhys_/AppData/Local/Temp/hemtt/Repositories_95th-Legion-Aux_95th-Legion-Main-Rework/asc/output/z/AUX_95th/addons/players/osprey/XEH_postInit.sqfc
compile C:/Users/rhys_/AppData/Local/Temp/hemtt/Repositories_95th-Legion-Aux_95th-Legion-Main-Rework/asc/output/z/AUX_95th/addons/players/outcast/XEH_preInit_server.sqfc
compile C:/Users/rhys_/AppData/Local/Temp/hemtt/Repositories_95th-Legion-Aux_95th-Legion-Main-Rework/asc/output/z/AUX_95th/addons/players/prophet/XEH_preInit_server.sqfc
compile compile C:/Users/rhys_/AppData/Local/Temp/hemtt/Repositories_95th-Legion-Aux_95th-Legion-Main-Rework/asc/output/z/AUX_95th/addons/players/pendragon/XEH_preInit.sqfc
compile C:/Users/rhys_/AppData/Local/Temp/hemtt/Repositories_95th-Legion-Aux_95th-Legion-Main-Rework/asc/output/z/AUX_95th/addons/players/night/XEH_preInit_server.sqfc
C:/Users/rhys_/AppData/Local/Temp/hemtt/Repositories_95th-Legion-Aux_95th-Legion-Main-Rework/asc/output/z/AUX_95th/addons/players/pendragon/XEH_postInit.sqfc
compile C:/Users/rhys_/AppData/Local/Temp/hemtt/Repositories_95th-Legion-Aux_95th-Legion-Main-Rework/asc/output/z/AUX_95th/addons/players/prophet/XEH_postInit_client.sqfc
compile compile C:/Users/rhys_/AppData/Local/Temp/hemtt/Repositories_95th-Legion-Aux_95th-Legion-Main-Rework/asc/output/z/AUX_95th/addons/players/osprey/XEH_preInit_server.sqfc
C:/Users/rhys_/AppData/Local/Temp/hemtt/Repositories_95th-Legion-Aux_95th-Legion-Main-Rework/asc/output/z/AUX_95th/addons/players/prophet/XEH_preInit.sqfc
compile C:/Users/rhys_/AppData/Local/Temp/hemtt/Repositories_95th-Legion-Aux_95th-Legion-Main-Rework/asc/output/z/AUX_95th/addons/players/pendragon/XEH_postInit_client.sqfc
compile C:/Users/rhys_/AppData/Local/Temp/hemtt/Repositories_95th-Legion-Aux_95th-Legion-Main-Rework/asc/output/z/AUX_95th/addons/players/osprey/XEH_postInit_client.sqfc
compile C:/Users/rhys_/AppData/Local/Temp/hemtt/Repositories_95th-Legion-Aux_95th-Legion-Main-Rework/asc/output/z/AUX_95th/addons/players/prophet/XEH_postInit.sqfc
compile C:/Users/rhys_/AppData/Local/Temp/hemtt/Repositories_95th-Legion-Aux_95th-Legion-Main-Rework/asc/output/z/AUX_95th/addons/players/pendragon/XEH_preInit_server.sqfc
compile C:/Users/rhys_/AppData/Local/Temp/hemtt/Repositories_95th-Legion-Aux_95th-Legion-Main-Rework/asc/output/z/AUX_95th/addons/players/outcast/XEH_preInit.sqfc
compile C:/Users/rhys_/AppData/Local/Temp/hemtt/Repositories_95th-Legion-Aux_95th-Legion-Main-Rework/asc/output/z/AUX_95th/addons/players/reaper/XEH_postInit.sqfc
compile C:/Users/rhys_/AppData/Local/Temp/hemtt/Repositories_95th-Legion-Aux_95th-Legion-Main-Rework/asc/output/z/AUX_95th/addons/players/ratler/XEH_preInit_server.sqfc
compile C:/Users/rhys_/AppData/Local/Temp/hemtt/Repositories_95th-Legion-Aux_95th-Legion-Main-Rework/asc/output/z/AUX_95th/addons/players/ratler/XEH_preInit.sqfc
compile C:/Users/rhys_/AppData/Local/Temp/hemtt/Repositories_95th-Legion-Aux_95th-Legion-Main-Rework/asc/output/z/AUX_95th/addons/players/reaper/XEH_postInit_client.sqfc
compile C:/Users/rhys_/AppData/Local/Temp/hemtt/Repositories_95th-Legion-Aux_95th-Legion-Main-Rework/asc/output/z/AUX_95th/addons/players/reaper/XEH_preInit_server.sqfc
compile C:/Users/rhys_/AppData/Local/Temp/hemtt/Repositories_95th-Legion-Aux_95th-Legion-Main-Rework/asc/output/z/AUX_95th/addons/players/sergeant/XEH_postInit.sqfc
compile C:/Users/rhys_/AppData/Local/Temp/hemtt/Repositories_95th-Legion-Aux_95th-Legion-Main-Rework/asc/output/z/AUX_95th/addons/players/revan/XEH_postInit.sqfc
compile C:/Users/rhys_/AppData/Local/Temp/hemtt/Repositories_95th-Legion-Aux_95th-Legion-Main-Rework/asc/output/z/AUX_95th/addons/players/sand/XEH_postInit.sqfc
compile C:/Users/rhys_/AppData/Local/Temp/hemtt/Repositories_95th-Legion-Aux_95th-Legion-Main-Rework/asc/output/z/AUX_95th/addons/players/revan/XEH_postInit_client.sqfc
compile C:/Users/rhys_/AppData/Local/Temp/hemtt/Repositories_95th-Legion-Aux_95th-Legion-Main-Rework/asc/output/z/AUX_95th/addons/players/senior/XEH_postInit.sqfc
compile C:/Users/rhys_/AppData/Local/Temp/hemtt/Repositories_95th-Legion-Aux_95th-Legion-Main-Rework/asc/output/z/AUX_95th/addons/players/reaper/XEH_preInit.sqfc
compile C:/Users/rhys_/AppData/Local/Temp/hemtt/Repositories_95th-Legion-Aux_95th-Legion-Main-Rework/asc/output/z/AUX_95th/addons/players/sand/XEH_postInit_client.sqfc
compile C:/Users/rhys_/AppData/Local/Temp/hemtt/Repositories_95th-Legion-Aux_95th-Legion-Main-Rework/asc/output/z/AUX_95th/addons/players/revan/XEH_preInit_server.sqfc
compile C:/Users/rhys_/AppData/Local/Temp/hemtt/Repositories_95th-Legion-Aux_95th-Legion-Main-Rework/asc/output/z/AUX_95th/addons/players/sergeant/XEH_preInit.sqfc
compile C:/Users/rhys_/AppData/Local/Temp/hemtt/Repositories_95th-Legion-Aux_95th-Legion-Main-Rework/asc/output/z/AUX_95th/addons/players/revan/XEH_preInit.sqfc
compile C:/Users/rhys_/AppData/Local/Temp/hemtt/Repositories_95th-Legion-Aux_95th-Legion-Main-Rework/asc/output/z/AUX_95th/addons/players/senior/XEH_preInit.sqfc
compile C:/Users/rhys_/AppData/Local/Temp/hemtt/Repositories_95th-Legion-Aux_95th-Legion-Main-Rework/asc/output/z/AUX_95th/addons/players/sergeant/XEH_preInit_server.sqfc
compile C:/Users/rhys_/AppData/Local/Temp/hemtt/Repositories_95th-Legion-Aux_95th-Legion-Main-Rework/asc/output/z/AUX_95th/addons/players/senior/XEH_postInit_client.sqfc
compile C:/Users/rhys_/AppData/Local/Temp/hemtt/Repositories_95th-Legion-Aux_95th-Legion-Main-Rework/asc/output/z/AUX_95th/addons/players/shared/XEH_postInit_client.sqfc
compile C:/Users/rhys_/AppData/Local/Temp/hemtt/Repositories_95th-Legion-Aux_95th-Legion-Main-Rework/asc/output/z/AUX_95th/addons/players/sergeant/XEH_postInit_client.sqfc
compile C:/Users/rhys_/AppData/Local/Temp/hemtt/Repositories_95th-Legion-Aux_95th-Legion-Main-Rework/asc/output/z/AUX_95th/addons/players/sand/XEH_preInit.sqfc
compile C:/Users/rhys_/AppData/Local/Temp/hemtt/Repositories_95th-Legion-Aux_95th-Legion-Main-Rework/asc/output/z/AUX_95th/addons/players/sand/XEH_preInit_server.sqfc
compile C:/Users/rhys_/AppData/Local/Temp/hemtt/Repositories_95th-Legion-Aux_95th-Legion-Main-Rework/asc/output/z/AUX_95th/addons/players/shared/XEH_postInit.sqfc
compile C:/Users/rhys_/AppData/Local/Temp/hemtt/Repositories_95th-Legion-Aux_95th-Legion-Main-Rework/asc/output/z/AUX_95th/addons/players/shared/XEH_preInit_server.sqfc
compile C:/Users/rhys_/AppData/Local/Temp/hemtt/Repositories_95th-Legion-Aux_95th-Legion-Main-Rework/asc/output/z/AUX_95th/addons/players/shared/XEH_preInit.sqfc
compile C:/Users/rhys_/AppData/Local/Temp/hemtt/Repositories_95th-Legion-Aux_95th-Legion-Main-Rework/asc/output/z/AUX_95th/addons/players/senior/XEH_preInit_server.sqfc
compile C:/Users/rhys_/AppData/Local/Temp/hemtt/Repositories_95th-Legion-Aux_95th-Legion-Main-Rework/asc/output/z/AUX_95th/addons/players/shared/functions/fn_addPlayerGearToArsenal.sqfc
compile C:/Users/rhys_/AppData/Local/Temp/hemtt/Repositories_95th-Legion-Aux_95th-Legion-Main-Rework/asc/output/z/AUX_95th/addons/players/shiny/XEH_postInit.sqfc
compile C:/Users/rhys_/AppData/Local/Temp/hemtt/Repositories_95th-Legion-Aux_95th-Legion-Main-Rework/asc/output/z/AUX_95th/addons/players/shiny/XEH_preInit_server.sqfc
compile C:/Users/rhys_/AppData/Local/Temp/hemtt/Repositories_95th-Legion-Aux_95th-Legion-Main-Rework/asc/output/z/AUX_95th/addons/players/smaug/XEH_postInit.sqfc
compile C:/Users/rhys_/AppData/Local/Temp/hemtt/Repositories_95th-Legion-Aux_95th-Legion-Main-Rework/asc/output/z/AUX_95th/addons/players/smaug/XEH_postInit_client.sqfc
compile C:/Users/rhys_/AppData/Local/Temp/hemtt/Repositories_95th-Legion-Aux_95th-Legion-Main-Rework/asc/output/z/AUX_95th/addons/players/smokery/XEH_postInit.sqfc
compile C:/Users/rhys_/AppData/Local/Temp/hemtt/Repositories_95th-Legion-Aux_95th-Legion-Main-Rework/asc/output/z/AUX_95th/addons/players/smaug/XEH_preInit.sqfc
compile C:/Users/rhys_/AppData/Local/Temp/hemtt/Repositories_95th-Legion-Aux_95th-Legion-Main-Rework/asc/output/z/AUX_95th/addons/players/shiny/XEH_postInit_client.sqfc
compile C:/Users/rhys_/AppData/Local/Temp/hemtt/Repositories_95th-Legion-Aux_95th-Legion-Main-Rework/asc/output/z/AUX_95th/addons/players/shiny/XEH_preInit.sqfc
compile C:/Users/rhys_/AppData/Local/Temp/hemtt/Repositories_95th-Legion-Aux_95th-Legion-Main-Rework/asc/output/z/AUX_95th/addons/players/stitch/XEH_postInit.sqfc
compile C:/Users/rhys_/AppData/Local/Temp/hemtt/Repositories_95th-Legion-Aux_95th-Legion-Main-Rework/asc/output/z/AUX_95th/addons/players/styx/XEH_postInit.sqfc
compile C:/Users/rhys_/AppData/Local/Temp/hemtt/Repositories_95th-Legion-Aux_95th-Legion-Main-Rework/asc/output/z/AUX_95th/addons/players/smokery/XEH_postInit_client.sqfc
compile C:/Users/rhys_/AppData/Local/Temp/hemtt/Repositories_95th-Legion-Aux_95th-Legion-Main-Rework/asc/output/z/AUX_95th/addons/players/splash/XEH_postInit.sqfc
compile C:/Users/rhys_/AppData/Local/Temp/hemtt/Repositories_95th-Legion-Aux_95th-Legion-Main-Rework/asc/output/z/AUX_95th/addons/players/som/XEH_preInit.sqfc
compile C:/Users/rhys_/AppData/Local/Temp/hemtt/Repositories_95th-Legion-Aux_95th-Legion-Main-Rework/asc/output/z/AUX_95th/addons/players/smokery/XEH_preInit.sqfc
compile compile C:/Users/rhys_/AppData/Local/Temp/hemtt/Repositories_95th-Legion-Aux_95th-Legion-Main-Rework/asc/output/z/AUX_95th/addons/players/splash/XEH_preInit_server.sqfc
C:/Users/rhys_/AppData/Local/Temp/hemtt/Repositories_95th-Legion-Aux_95th-Legion-Main-Rework/asc/output/z/AUX_95th/addons/players/solvest/XEH_postInit_client.sqfc
compile C:/Users/rhys_/AppData/Local/Temp/hemtt/Repositories_95th-Legion-Aux_95th-Legion-Main-Rework/asc/output/z/AUX_95th/addons/players/splash/XEH_preInit.sqfc
compile C:/Users/rhys_/AppData/Local/Temp/hemtt/Repositories_95th-Legion-Aux_95th-Legion-Main-Rework/asc/output/z/AUX_95th/addons/players/styx/XEH_postInit_client.sqfc
compile C:/Users/rhys_/AppData/Local/Temp/hemtt/Repositories_95th-Legion-Aux_95th-Legion-Main-Rework/asc/output/z/AUX_95th/addons/players/smaug/XEH_preInit_server.sqfc
compile C:/Users/rhys_/AppData/Local/Temp/hemtt/Repositories_95th-Legion-Aux_95th-Legion-Main-Rework/asc/output/z/AUX_95th/addons/players/som/XEH_postInit.sqfc
compile C:/Users/rhys_/AppData/Local/Temp/hemtt/Repositories_95th-Legion-Aux_95th-Legion-Main-Rework/asc/output/z/AUX_95th/addons/players/splash/XEH_postInit_client.sqfc
compile C:/Users/rhys_/AppData/Local/Temp/hemtt/Repositories_95th-Legion-Aux_95th-Legion-Main-Rework/asc/output/z/AUX_95th/addons/players/som/XEH_postInit_client.sqfc
compile C:/Users/rhys_/AppData/Local/Temp/hemtt/Repositories_95th-Legion-Aux_95th-Legion-Main-Rework/asc/output/z/AUX_95th/addons/players/stitch/XEH_preInit.sqfc
compile C:/Users/rhys_/AppData/Local/Temp/hemtt/Repositories_95th-Legion-Aux_95th-Legion-Main-Rework/asc/output/z/AUX_95th/addons/players/solvest/XEH_preInit_server.sqfc
compile compile compile compile C:/Users/rhys_/AppData/Local/Temp/hemtt/Repositories_95th-Legion-Aux_95th-Legion-Main-Rework/asc/output/z/AUX_95th/addons/players/stitch/XEH_preInit_server.sqfc
C:/Users/rhys_/AppData/Local/Temp/hemtt/Repositories_95th-Legion-Aux_95th-Legion-Main-Rework/asc/output/z/AUX_95th/addons/players/som/XEH_preInit_server.sqfc
C:/Users/rhys_/AppData/Local/Temp/hemtt/Repositories_95th-Legion-Aux_95th-Legion-Main-Rework/asc/output/z/AUX_95th/addons/players/solvest/XEH_preInit.sqfc
C:/Users/rhys_/AppData/Local/Temp/hemtt/Repositories_95th-Legion-Aux_95th-Legion-Main-Rework/asc/output/z/AUX_95th/addons/players/stitch/XEH_postInit_client.sqfc
compile C:/Users/rhys_/AppData/Local/Temp/hemtt/Repositories_95th-Legion-Aux_95th-Legion-Main-Rework/asc/output/z/AUX_95th/addons/players/solvest/XEH_postInit.sqfc
compile C:/Users/rhys_/AppData/Local/Temp/hemtt/Repositories_95th-Legion-Aux_95th-Legion-Main-Rework/asc/output/z/AUX_95th/addons/players/smokery/XEH_preInit_server.sqfc
compile C:/Users/rhys_/AppData/Local/Temp/hemtt/Repositories_95th-Legion-Aux_95th-Legion-Main-Rework/asc/output/z/AUX_95th/addons/players/styx/XEH_preInit.sqfc
compile C:/Users/rhys_/AppData/Local/Temp/hemtt/Repositories_95th-Legion-Aux_95th-Legion-Main-Rework/asc/output/z/AUX_95th/addons/players/styx/XEH_preInit_server.sqfc
compile C:/Users/rhys_/AppData/Local/Temp/hemtt/Repositories_95th-Legion-Aux_95th-Legion-Main-Rework/asc/output/z/AUX_95th/addons/players/sythe/XEH_postInit_client.sqfc
compile C:/Users/rhys_/AppData/Local/Temp/hemtt/Repositories_95th-Legion-Aux_95th-Legion-Main-Rework/asc/output/z/AUX_95th/addons/players/titan/XEH_preInit_server.sqfc
compile C:/Users/rhys_/AppData/Local/Temp/hemtt/Repositories_95th-Legion-Aux_95th-Legion-Main-Rework/asc/output/z/AUX_95th/addons/players/sythe/XEH_preInit_server.sqfc
compile C:/Users/rhys_/AppData/Local/Temp/hemtt/Repositories_95th-Legion-Aux_95th-Legion-Main-Rework/asc/output/z/AUX_95th/addons/players/sythe/XEH_preInit.sqfc
compile compile C:/Users/rhys_/AppData/Local/Temp/hemtt/Repositories_95th-Legion-Aux_95th-Legion-Main-Rework/asc/output/z/AUX_95th/addons/players/third/XEH_preInit.sqfc
C:/Users/rhys_/AppData/Local/Temp/hemtt/Repositories_95th-Legion-Aux_95th-Legion-Main-Rework/asc/output/z/AUX_95th/addons/players/sythe/XEH_postInit.sqfc
compile C:/Users/rhys_/AppData/Local/Temp/hemtt/Repositories_95th-Legion-Aux_95th-Legion-Main-Rework/asc/output/z/AUX_95th/addons/players/turner/XEH_postInit.sqfc
compile compile C:/Users/rhys_/AppData/Local/Temp/hemtt/Repositories_95th-Legion-Aux_95th-Legion-Main-Rework/asc/output/z/AUX_95th/addons/players/turner/XEH_postInit_client.sqfc
C:/Users/rhys_/AppData/Local/Temp/hemtt/Repositories_95th-Legion-Aux_95th-Legion-Main-Rework/asc/output/z/AUX_95th/addons/players/trooper/XEH_postInit.sqfc
compile C:/Users/rhys_/AppData/Local/Temp/hemtt/Repositories_95th-Legion-Aux_95th-Legion-Main-Rework/asc/output/z/AUX_95th/addons/players/taylor/XEH_preInit.sqfc
compile C:/Users/rhys_/AppData/Local/Temp/hemtt/Repositories_95th-Legion-Aux_95th-Legion-Main-Rework/asc/output/z/AUX_95th/addons/players/taun/XEH_postInit_client.sqfc
compile compile C:/Users/rhys_/AppData/Local/Temp/hemtt/Repositories_95th-Legion-Aux_95th-Legion-Main-Rework/asc/output/z/AUX_95th/addons/players/taun/XEH_preInit_server.sqfc
C:/Users/rhys_/AppData/Local/Temp/hemtt/Repositories_95th-Legion-Aux_95th-Legion-Main-Rework/asc/output/z/AUX_95th/addons/players/trooper/XEH_preInit_server.sqfc
compile C:/Users/rhys_/AppData/Local/Temp/hemtt/Repositories_95th-Legion-Aux_95th-Legion-Main-Rework/asc/output/z/AUX_95th/addons/players/taylor/XEH_preInit_server.sqfc
compile C:/Users/rhys_/AppData/Local/Temp/hemtt/Repositories_95th-Legion-Aux_95th-Legion-Main-Rework/asc/output/z/AUX_95th/addons/players/taylor/XEH_postInit.sqfc
compile C:/Users/rhys_/AppData/Local/Temp/hemtt/Repositories_95th-Legion-Aux_95th-Legion-Main-Rework/asc/output/z/AUX_95th/addons/players/trooper/XEH_preInit.sqfc
compile C:/Users/rhys_/AppData/Local/Temp/hemtt/Repositories_95th-Legion-Aux_95th-Legion-Main-Rework/asc/output/z/AUX_95th/addons/players/taun/XEH_postInit.sqfc
compile C:/Users/rhys_/AppData/Local/Temp/hemtt/Repositories_95th-Legion-Aux_95th-Legion-Main-Rework/asc/output/z/AUX_95th/addons/players/third/XEH_postInit.sqfc
compile C:/Users/rhys_/AppData/Local/Temp/hemtt/Repositories_95th-Legion-Aux_95th-Legion-Main-Rework/asc/output/z/AUX_95th/addons/players/third/XEH_preInit_server.sqfc
compile C:/Users/rhys_/AppData/Local/Temp/hemtt/Repositories_95th-Legion-Aux_95th-Legion-Main-Rework/asc/output/z/AUX_95th/addons/players/taylor/XEH_postInit_client.sqfc
compile C:/Users/rhys_/AppData/Local/Temp/hemtt/Repositories_95th-Legion-Aux_95th-Legion-Main-Rework/asc/output/z/AUX_95th/addons/players/taun/XEH_preInit.sqfc
compile C:/Users/rhys_/AppData/Local/Temp/hemtt/Repositories_95th-Legion-Aux_95th-Legion-Main-Rework/asc/output/z/AUX_95th/addons/players/third/XEH_postInit_client.sqfc
compile C:/Users/rhys_/AppData/Local/Temp/hemtt/Repositories_95th-Legion-Aux_95th-Legion-Main-Rework/asc/output/z/AUX_95th/addons/players/titan/XEH_postInit_client.sqfc
compile C:/Users/rhys_/AppData/Local/Temp/hemtt/Repositories_95th-Legion-Aux_95th-Legion-Main-Rework/asc/output/z/AUX_95th/addons/players/titan/XEH_postInit.sqfc
compile C:/Users/rhys_/AppData/Local/Temp/hemtt/Repositories_95th-Legion-Aux_95th-Legion-Main-Rework/asc/output/z/AUX_95th/addons/players/titan/XEH_preInit.sqfc
compile C:/Users/rhys_/AppData/Local/Temp/hemtt/Repositories_95th-Legion-Aux_95th-Legion-Main-Rework/asc/output/z/AUX_95th/addons/players/trooper/XEH_postInit_client.sqfc
compile C:/Users/rhys_/AppData/Local/Temp/hemtt/Repositories_95th-Legion-Aux_95th-Legion-Main-Rework/asc/output/z/AUX_95th/addons/players/turner/XEH_preInit.sqfc
compile C:/Users/rhys_/AppData/Local/Temp/hemtt/Repositories_95th-Legion-Aux_95th-Legion-Main-Rework/asc/output/z/AUX_95th/addons/players/veteran/XEH_postInit.sqfc
compile C:/Users/rhys_/AppData/Local/Temp/hemtt/Repositories_95th-Legion-Aux_95th-Legion-Main-Rework/asc/output/z/AUX_95th/addons/players/veteran/XEH_preInit.sqfc
compile C:/Users/rhys_/AppData/Local/Temp/hemtt/Repositories_95th-Legion-Aux_95th-Legion-Main-Rework/asc/output/z/AUX_95th/addons/players/turner/XEH_preInit_server.sqfc
compile C:/Users/rhys_/AppData/Local/Temp/hemtt/Repositories_95th-Legion-Aux_95th-Legion-Main-Rework/asc/output/z/AUX_95th/addons/vehicles/XEH_preStart.sqfc
compile compile C:/Users/rhys_/AppData/Local/Temp/hemtt/Repositories_95th-Legion-Aux_95th-Legion-Main-Rework/asc/output/z/AUX_95th/addons/vehicles/XEH_postInit.sqfc
compile C:/Users/rhys_/AppData/Local/Temp/hemtt/Repositories_95th-Legion-Aux_95th-Legion-Main-Rework/asc/output/z/AUX_95th/addons/vehicles/XEH_preInit.sqfc
C:/Users/rhys_/AppData/Local/Temp/hemtt/Repositories_95th-Legion-Aux_95th-Legion-Main-Rework/asc/output/z/AUX_95th/addons/vehicles/XEH_preInit_server.sqfc
compile C:/Users/rhys_/AppData/Local/Temp/hemtt/Repositories_95th-Legion-Aux_95th-Legion-Main-Rework/asc/output/z/AUX_95th/addons/vehicles/XEH_postInit_client.sqfc
compile C:/Users/rhys_/AppData/Local/Temp/hemtt/Repositories_95th-Legion-Aux_95th-Legion-Main-Rework/asc/output/z/AUX_95th/addons/players/veteran/XEH_postInit_client.sqfc
compile C:/Users/rhys_/AppData/Local/Temp/hemtt/Repositories_95th-Legion-Aux_95th-Legion-Main-Rework/asc/output/z/AUX_95th/addons/players/volt/XEH_postInit_client.sqfc
compile C:/Users/rhys_/AppData/Local/Temp/hemtt/Repositories_95th-Legion-Aux_95th-Legion-Main-Rework/asc/output/z/AUX_95th/addons/players/veteran/XEH_preInit_server.sqfc
compile C:/Users/rhys_/AppData/Local/Temp/hemtt/Repositories_95th-Legion-Aux_95th-Legion-Main-Rework/asc/output/z/AUX_95th/addons/players/york/XEH_postInit_client.sqfc
compile compile C:/Users/rhys_/AppData/Local/Temp/hemtt/Repositories_95th-Legion-Aux_95th-Legion-Main-Rework/asc/output/z/AUX_95th/addons/players/york/XEH_postInit.sqfc
compile C:/Users/rhys_/AppData/Local/Temp/hemtt/Repositories_95th-Legion-Aux_95th-Legion-Main-Rework/asc/output/z/AUX_95th/addons/players/volt/XEH_postInit.sqfc
C:/Users/rhys_/AppData/Local/Temp/hemtt/Repositories_95th-Legion-Aux_95th-Legion-Main-Rework/asc/output/z/AUX_95th/addons/players/volt/XEH_preInit_server.sqfc
compile C:/Users/rhys_/AppData/Local/Temp/hemtt/Repositories_95th-Legion-Aux_95th-Legion-Main-Rework/asc/output/z/AUX_95th/addons/players/volt/XEH_preInit.sqfc
compile C:/Users/rhys_/AppData/Local/Temp/hemtt/Repositories_95th-Legion-Aux_95th-Legion-Main-Rework/asc/output/z/AUX_95th/addons/players/york/XEH_preInit.sqfc
compile C:/Users/rhys_/AppData/Local/Temp/hemtt/Repositories_95th-Legion-Aux_95th-Legion-Main-Rework/asc/output/z/AUX_95th/addons/players/york/XEH_preInit_server.sqfc
