2024-10-24T13:48:24.352297Z  INFO ThreadId(01) HEMTT 1.13.3 is available, please update
2024-10-24T13:48:24.352494Z TRACE ThreadId(01) HEMTT is installed at: C:\Users\rhys_\AppData\Local\Microsoft\WinGet\Packages\BrettMayson.HEMTT_Microsoft.Winget.Source_8wekyb3d8bbwe\hemtt.exe
2024-10-24T13:48:24.352515Z TRACE ThreadId(01) version: 1.13.0
2024-10-24T13:48:24.352520Z TRACE ThreadId(01) platform: windows
2024-10-24T13:48:24.352528Z TRACE ThreadId(01) args: [
    "hemtt.exe",
    "build",
]
2024-10-24T13:48:24.355309Z TRACE ThreadId(01) using temporary folder: "C:\\Users\\rhys_\\AppData\\Local\\Temp\\hemtt\\Repositories_95th-Legion-Aux_95th-Legion-Server"
2024-10-24T13:48:24.355334Z TRACE ThreadId(01) using project folder: "C:\\Repositories\\95th-Legion-Aux\\95th-Legion-Server"
2024-10-24T13:48:24.355339Z TRACE ThreadId(01) using out folder: "C:\\Repositories\\95th-Legion-Aux\\95th-Legion-Server\\.hemttout"
2024-10-24T13:48:24.355704Z TRACE ThreadId(01) using build folder: "C:\\Repositories\\95th-Legion-Aux\\95th-Legion-Server\\.hemttout\\build"
2024-10-24T13:48:24.363591Z TRACE ThreadId(01) config.cpp: VfsPath { path: "/template/addon_template/config.cpp", fs: VFS { fs: OverlayFS { layers: [VfsPath { path: "", fs: VFS { fs: In Memory File System } }, VfsPath { path: "", fs: VFS { fs: AltrootFS { root: VfsPath { path: "", fs: VFS { fs: PhysicalFS { root: "C:\\Repositories\\95th-Legion-Aux\\95th-Legion-Server\\include" } } } } } }, VfsPath { path: "", fs: VFS { fs: AltrootFS { root: VfsPath { path: "", fs: VFS { fs: PhysicalFS { root: "C:\\Users\\rhys_\\AppData\\Local\\Temp\\hemtt\\Repositories_95th-Legion-Aux_95th-Legion-Server\\output" } } } } } }, VfsPath { path: "", fs: VFS { fs: AltrootFS { root: VfsPath { path: "", fs: VFS { fs: PhysicalFS { root: "C:\\Repositories\\95th-Legion-Aux\\95th-Legion-Server" } } } } } }] } } }
2024-10-24T13:48:24.365168Z TRACE ThreadId(01) Prefix: VfsPath { path: "/template/addon_template/$PBOPREFIX$", fs: VFS { fs: OverlayFS { layers: [VfsPath { path: "", fs: VFS { fs: In Memory File System } }, VfsPath { path: "", fs: VFS { fs: AltrootFS { root: VfsPath { path: "", fs: VFS { fs: PhysicalFS { root: "C:\\Repositories\\95th-Legion-Aux\\95th-Legion-Server\\include" } } } } } }, VfsPath { path: "", fs: VFS { fs: AltrootFS { root: VfsPath { path: "", fs: VFS { fs: PhysicalFS { root: "C:\\Users\\rhys_\\AppData\\Local\\Temp\\hemtt\\Repositories_95th-Legion-Aux_95th-Legion-Server\\output" } } } } } }, VfsPath { path: "", fs: VFS { fs: AltrootFS { root: VfsPath { path: "", fs: VFS { fs: PhysicalFS { root: "C:\\Repositories\\95th-Legion-Aux\\95th-Legion-Server" } } } } } }] } } }
2024-10-24T13:48:24.368017Z TRACE ThreadId(01) Prefix: VfsPath { path: "/a3/ui_f/$PBOPREFIX$", fs: VFS { fs: OverlayFS { layers: [VfsPath { path: "", fs: VFS { fs: In Memory File System } }, VfsPath { path: "", fs: VFS { fs: AltrootFS { root: VfsPath { path: "", fs: VFS { fs: PhysicalFS { root: "C:\\Repositories\\95th-Legion-Aux\\95th-Legion-Server\\include" } } } } } }, VfsPath { path: "", fs: VFS { fs: AltrootFS { root: VfsPath { path: "", fs: VFS { fs: PhysicalFS { root: "C:\\Users\\rhys_\\AppData\\Local\\Temp\\hemtt\\Repositories_95th-Legion-Aux_95th-Legion-Server\\output" } } } } } }, VfsPath { path: "", fs: VFS { fs: AltrootFS { root: VfsPath { path: "", fs: VFS { fs: PhysicalFS { root: "C:\\Repositories\\95th-Legion-Aux\\95th-Legion-Server" } } } } } }] } } }
2024-10-24T13:48:24.371321Z TRACE ThreadId(01) Prefix: VfsPath { path: "/include/a3/ui_f/$PBOPREFIX$", fs: VFS { fs: OverlayFS { layers: [VfsPath { path: "", fs: VFS { fs: In Memory File System } }, VfsPath { path: "", fs: VFS { fs: AltrootFS { root: VfsPath { path: "", fs: VFS { fs: PhysicalFS { root: "C:\\Repositories\\95th-Legion-Aux\\95th-Legion-Server\\include" } } } } } }, VfsPath { path: "", fs: VFS { fs: AltrootFS { root: VfsPath { path: "", fs: VFS { fs: PhysicalFS { root: "C:\\Users\\rhys_\\AppData\\Local\\Temp\\hemtt\\Repositories_95th-Legion-Aux_95th-Legion-Server\\output" } } } } } }, VfsPath { path: "", fs: VFS { fs: AltrootFS { root: VfsPath { path: "", fs: VFS { fs: PhysicalFS { root: "C:\\Repositories\\95th-Legion-Aux\\95th-Legion-Server" } } } } } }] } } }
2024-10-24T13:48:24.375381Z TRACE ThreadId(01) Prefix: VfsPath { path: "/include/x/cba/addons/xeh/$PBOPREFIX$", fs: VFS { fs: OverlayFS { layers: [VfsPath { path: "", fs: VFS { fs: In Memory File System } }, VfsPath { path: "", fs: VFS { fs: AltrootFS { root: VfsPath { path: "", fs: VFS { fs: PhysicalFS { root: "C:\\Repositories\\95th-Legion-Aux\\95th-Legion-Server\\include" } } } } } }, VfsPath { path: "", fs: VFS { fs: AltrootFS { root: VfsPath { path: "", fs: VFS { fs: PhysicalFS { root: "C:\\Users\\rhys_\\AppData\\Local\\Temp\\hemtt\\Repositories_95th-Legion-Aux_95th-Legion-Server\\output" } } } } } }, VfsPath { path: "", fs: VFS { fs: AltrootFS { root: VfsPath { path: "", fs: VFS { fs: PhysicalFS { root: "C:\\Repositories\\95th-Legion-Aux\\95th-Legion-Server" } } } } } }] } } }
2024-10-24T13:48:24.376374Z TRACE ThreadId(01) Prefix: VfsPath { path: "/include/x/cba/addons/main/$PBOPREFIX$", fs: VFS { fs: OverlayFS { layers: [VfsPath { path: "", fs: VFS { fs: In Memory File System } }, VfsPath { path: "", fs: VFS { fs: AltrootFS { root: VfsPath { path: "", fs: VFS { fs: PhysicalFS { root: "C:\\Repositories\\95th-Legion-Aux\\95th-Legion-Server\\include" } } } } } }, VfsPath { path: "", fs: VFS { fs: AltrootFS { root: VfsPath { path: "", fs: VFS { fs: PhysicalFS { root: "C:\\Users\\rhys_\\AppData\\Local\\Temp\\hemtt\\Repositories_95th-Legion-Aux_95th-Legion-Server\\output" } } } } } }, VfsPath { path: "", fs: VFS { fs: AltrootFS { root: VfsPath { path: "", fs: VFS { fs: PhysicalFS { root: "C:\\Repositories\\95th-Legion-Aux\\95th-Legion-Server" } } } } } }] } } }
2024-10-24T13:48:24.378104Z TRACE ThreadId(01) config.cpp: VfsPath { path: "/addons/attendance/config.cpp", fs: VFS { fs: OverlayFS { layers: [VfsPath { path: "", fs: VFS { fs: In Memory File System } }, VfsPath { path: "", fs: VFS { fs: AltrootFS { root: VfsPath { path: "", fs: VFS { fs: PhysicalFS { root: "C:\\Repositories\\95th-Legion-Aux\\95th-Legion-Server\\include" } } } } } }, VfsPath { path: "", fs: VFS { fs: AltrootFS { root: VfsPath { path: "", fs: VFS { fs: PhysicalFS { root: "C:\\Users\\rhys_\\AppData\\Local\\Temp\\hemtt\\Repositories_95th-Legion-Aux_95th-Legion-Server\\output" } } } } } }, VfsPath { path: "", fs: VFS { fs: AltrootFS { root: VfsPath { path: "", fs: VFS { fs: PhysicalFS { root: "C:\\Repositories\\95th-Legion-Aux\\95th-Legion-Server" } } } } } }] } } }
2024-10-24T13:48:24.379246Z TRACE ThreadId(01) Prefix: VfsPath { path: "/addons/attendance/$PBOPREFIX$", fs: VFS { fs: OverlayFS { layers: [VfsPath { path: "", fs: VFS { fs: In Memory File System } }, VfsPath { path: "", fs: VFS { fs: AltrootFS { root: VfsPath { path: "", fs: VFS { fs: PhysicalFS { root: "C:\\Repositories\\95th-Legion-Aux\\95th-Legion-Server\\include" } } } } } }, VfsPath { path: "", fs: VFS { fs: AltrootFS { root: VfsPath { path: "", fs: VFS { fs: PhysicalFS { root: "C:\\Users\\rhys_\\AppData\\Local\\Temp\\hemtt\\Repositories_95th-Legion-Aux_95th-Legion-Server\\output" } } } } } }, VfsPath { path: "", fs: VFS { fs: AltrootFS { root: VfsPath { path: "", fs: VFS { fs: PhysicalFS { root: "C:\\Repositories\\95th-Legion-Aux\\95th-Legion-Server" } } } } } }] } } }
2024-10-24T13:48:24.381033Z TRACE ThreadId(01) Prefix: VfsPath { path: "/addons/main/$PBOPREFIX$", fs: VFS { fs: OverlayFS { layers: [VfsPath { path: "", fs: VFS { fs: In Memory File System } }, VfsPath { path: "", fs: VFS { fs: AltrootFS { root: VfsPath { path: "", fs: VFS { fs: PhysicalFS { root: "C:\\Repositories\\95th-Legion-Aux\\95th-Legion-Server\\include" } } } } } }, VfsPath { path: "", fs: VFS { fs: AltrootFS { root: VfsPath { path: "", fs: VFS { fs: PhysicalFS { root: "C:\\Users\\rhys_\\AppData\\Local\\Temp\\hemtt\\Repositories_95th-Legion-Aux_95th-Legion-Server\\output" } } } } } }, VfsPath { path: "", fs: VFS { fs: AltrootFS { root: VfsPath { path: "", fs: VFS { fs: PhysicalFS { root: "C:\\Repositories\\95th-Legion-Aux\\95th-Legion-Server" } } } } } }] } } }
2024-10-24T13:48:24.381693Z TRACE ThreadId(01) config.cpp: VfsPath { path: "/addons/main/config.cpp", fs: VFS { fs: OverlayFS { layers: [VfsPath { path: "", fs: VFS { fs: In Memory File System } }, VfsPath { path: "", fs: VFS { fs: AltrootFS { root: VfsPath { path: "", fs: VFS { fs: PhysicalFS { root: "C:\\Repositories\\95th-Legion-Aux\\95th-Legion-Server\\include" } } } } } }, VfsPath { path: "", fs: VFS { fs: AltrootFS { root: VfsPath { path: "", fs: VFS { fs: PhysicalFS { root: "C:\\Users\\rhys_\\AppData\\Local\\Temp\\hemtt\\Repositories_95th-Legion-Aux_95th-Legion-Server\\output" } } } } } }, VfsPath { path: "", fs: VFS { fs: AltrootFS { root: VfsPath { path: "", fs: VFS { fs: PhysicalFS { root: "C:\\Repositories\\95th-Legion-Aux\\95th-Legion-Server" } } } } } }] } } }
2024-10-24T13:48:24.383272Z TRACE ThreadId(01) Prefix: VfsPath { path: "/x/cba/addons/main/$PBOPREFIX$", fs: VFS { fs: OverlayFS { layers: [VfsPath { path: "", fs: VFS { fs: In Memory File System } }, VfsPath { path: "", fs: VFS { fs: AltrootFS { root: VfsPath { path: "", fs: VFS { fs: PhysicalFS { root: "C:\\Repositories\\95th-Legion-Aux\\95th-Legion-Server\\include" } } } } } }, VfsPath { path: "", fs: VFS { fs: AltrootFS { root: VfsPath { path: "", fs: VFS { fs: PhysicalFS { root: "C:\\Users\\rhys_\\AppData\\Local\\Temp\\hemtt\\Repositories_95th-Legion-Aux_95th-Legion-Server\\output" } } } } } }, VfsPath { path: "", fs: VFS { fs: AltrootFS { root: VfsPath { path: "", fs: VFS { fs: PhysicalFS { root: "C:\\Repositories\\95th-Legion-Aux\\95th-Legion-Server" } } } } } }] } } }
2024-10-24T13:48:24.383848Z TRACE ThreadId(01) Prefix: VfsPath { path: "/x/cba/addons/xeh/$PBOPREFIX$", fs: VFS { fs: OverlayFS { layers: [VfsPath { path: "", fs: VFS { fs: In Memory File System } }, VfsPath { path: "", fs: VFS { fs: AltrootFS { root: VfsPath { path: "", fs: VFS { fs: PhysicalFS { root: "C:\\Repositories\\95th-Legion-Aux\\95th-Legion-Server\\include" } } } } } }, VfsPath { path: "", fs: VFS { fs: AltrootFS { root: VfsPath { path: "", fs: VFS { fs: PhysicalFS { root: "C:\\Users\\rhys_\\AppData\\Local\\Temp\\hemtt\\Repositories_95th-Legion-Aux_95th-Legion-Server\\output" } } } } } }, VfsPath { path: "", fs: VFS { fs: AltrootFS { root: VfsPath { path: "", fs: VFS { fs: PhysicalFS { root: "C:\\Repositories\\95th-Legion-Aux\\95th-Legion-Server" } } } } } }] } } }
2024-10-24T13:48:24.387228Z TRACE ThreadId(01) checking for version macro in VfsPath { path: "/addons/main/script_version.hpp", fs: VFS { fs: OverlayFS { layers: [VfsPath { path: "", fs: VFS { fs: In Memory File System } }, VfsPath { path: "", fs: VFS { fs: AltrootFS { root: VfsPath { path: "", fs: VFS { fs: PhysicalFS { root: "C:\\Repositories\\95th-Legion-Aux\\95th-Legion-Server\\include" } } } } } }, VfsPath { path: "", fs: VFS { fs: AltrootFS { root: VfsPath { path: "", fs: VFS { fs: PhysicalFS { root: "C:\\Users\\rhys_\\AppData\\Local\\Temp\\hemtt\\Repositories_95th-Legion-Aux_95th-Legion-Server\\output" } } } } } }, VfsPath { path: "", fs: VFS { fs: AltrootFS { root: VfsPath { path: "", fs: VFS { fs: PhysicalFS { root: "C:\\Repositories\\95th-Legion-Aux\\95th-Legion-Server" } } } } } }] } } }
2024-10-24T13:48:24.387811Z  INFO ThreadId(01) Config loaded for 95th Legion Server 0.1.0.0
2024-10-24T13:48:24.387889Z TRACE ThreadId(01) Scanning C:\Repositories\95th-Legion-Aux\95th-Legion-Server\addons for addons
2024-10-24T13:48:24.388508Z  INFO ThreadId(01) Creating `build` version
2024-10-24T13:48:24.388548Z TRACE ThreadId(01) phase: init (Hooks) (start)
2024-10-24T13:48:24.388635Z TRACE ThreadId(01) no hooks folder
2024-10-24T13:48:24.388649Z TRACE ThreadId(01) phase: init (Hooks) (done)
2024-10-24T13:48:24.388654Z TRACE ThreadId(01) phase: init (Rapifier) (start)
2024-10-24T13:48:24.388658Z TRACE ThreadId(01) phase: init (Rapifier) (done)
2024-10-24T13:48:24.388662Z TRACE ThreadId(01) phase: init (SQF) (start)
2024-10-24T13:48:24.857366Z TRACE ThreadId(01) phase: init (SQF) (done)
2024-10-24T13:48:24.857385Z TRACE ThreadId(01) phase: init (Binarize) (start)
2024-10-24T13:48:24.857394Z TRACE ThreadId(01) Using Binarize path from registry
2024-10-24T13:48:24.857484Z TRACE ThreadId(01) phase: init (Binarize) (done)
2024-10-24T13:48:24.857494Z TRACE ThreadId(01) phase: init (Files) (start)
2024-10-24T13:48:24.857499Z TRACE ThreadId(01) phase: init (Files) (done)
2024-10-24T13:48:24.857504Z TRACE ThreadId(01) phase: check (Hooks) (start)
2024-10-24T13:48:24.857508Z TRACE ThreadId(01) phase: check (Hooks) (done)
2024-10-24T13:48:24.857511Z TRACE ThreadId(01) phase: check (Rapifier) (start)
2024-10-24T13:48:24.857553Z TRACE ThreadId(01) phase: check (Rapifier) (done)
2024-10-24T13:48:24.857557Z TRACE ThreadId(01) phase: check (SQF) (start)
2024-10-24T13:48:24.857588Z TRACE ThreadId(01) phase: check (SQF) (done)
2024-10-24T13:48:24.857592Z TRACE ThreadId(01) phase: check (Binarize) (start)
2024-10-24T13:48:24.863117Z  INFO ThreadId(01) Validated 0 files for binarization
2024-10-24T13:48:24.863126Z TRACE ThreadId(01) phase: check (Binarize) (done)
2024-10-24T13:48:24.863130Z TRACE ThreadId(01) phase: check (Files) (start)
2024-10-24T13:48:24.863134Z TRACE ThreadId(01) phase: check (Files) (done)
2024-10-24T13:48:24.863138Z TRACE ThreadId(01) phase: pre_build (Hooks) (start)
2024-10-24T13:48:24.863146Z TRACE ThreadId(01) phase: pre_build (Hooks) (done)
2024-10-24T13:48:24.863150Z TRACE ThreadId(01) phase: pre_build (Rapifier) (start)
2024-10-24T13:48:24.894663Z  INFO ThreadId(01) Rapified 2 addon configs
2024-10-24T13:48:24.894682Z TRACE ThreadId(01) phase: pre_build (Rapifier) (done)
2024-10-24T13:48:24.894687Z TRACE ThreadId(01) phase: pre_build (SQF) (start)
2024-10-24T13:48:24.902335Z TRACE ThreadId(03) sqf compiling /addons/attendance/XEH_preInit_server.sqf
2024-10-24T13:48:24.902340Z TRACE ThreadId(02) sqf compiling /addons/attendance/XEH_preStart.sqf
2024-10-24T13:48:24.902355Z TRACE ThreadId(05) sqf compiling /addons/attendance/XEH_postInit.sqf
2024-10-24T13:48:24.902372Z TRACE ThreadId(06) sqf compiling /addons/attendance/XEH_preInit.sqf
2024-10-24T13:48:24.902341Z TRACE ThreadId(04) sqf compiling /addons/attendance/XEH_postInit_client.sqf
2024-10-24T13:48:24.932976Z  INFO ThreadId(01) Compiled 5 sqf files
2024-10-24T13:48:24.933017Z TRACE ThreadId(01) phase: pre_build (SQF) (done)
2024-10-24T13:48:24.933023Z TRACE ThreadId(01) phase: pre_build (Binarize) (start)
2024-10-24T13:48:24.934376Z TRACE ThreadId(01) junction link "C:\\Users\\rhys_\\AppData\\Local\\Temp\\hemtt\\Repositories_95th-Legion-Aux_95th-Legion-Server\\source\\z\\AUX_95th_Server\\addons\\AddonName" => "C:\\Repositories\\95th-Legion-Aux\\95th-Legion-Server\\addons\\attendance"
2024-10-24T13:48:24.963989Z TRACE ThreadId(01) junction link "C:\\Users\\rhys_\\AppData\\Local\\Temp\\hemtt\\Repositories_95th-Legion-Aux_95th-Legion-Server\\source\\z\\AUX_95th_Server\\addons\\main" => "C:\\Repositories\\95th-Legion-Aux\\95th-Legion-Server\\addons\\main"
2024-10-24T13:48:24.991306Z TRACE ThreadId(01) junction link "C:\\Users\\rhys_\\AppData\\Local\\Temp\\hemtt\\Repositories_95th-Legion-Aux_95th-Legion-Server\\source\\a3\\ui_f" => "C:\\Repositories\\95th-Legion-Aux\\95th-Legion-Server\\include\\a3\\ui_f"
2024-10-24T13:48:25.019094Z TRACE ThreadId(01) junction link "C:\\Users\\rhys_\\AppData\\Local\\Temp\\hemtt\\Repositories_95th-Legion-Aux_95th-Legion-Server\\source\\x\\cba" => "C:\\Repositories\\95th-Legion-Aux\\95th-Legion-Server\\include\\x\\cba"
2024-10-24T13:48:25.047032Z  INFO ThreadId(01) Binarized 0 files
2024-10-24T13:48:25.047051Z TRACE ThreadId(01) phase: pre_build (Binarize) (done)
2024-10-24T13:48:25.047056Z TRACE ThreadId(01) phase: pre_build (Files) (start)
2024-10-24T13:48:25.047061Z TRACE ThreadId(01) phase: pre_build (Files) (done)
2024-10-24T13:48:25.047066Z TRACE ThreadId(01) phase: build (start)
2024-10-24T13:48:25.054615Z DEBUG ThreadId(01) creating "C:\\Repositories\\95th-Legion-Aux\\95th-Legion-Server\\.hemttout\\build\\addons"
2024-10-24T13:48:25.054803Z DEBUG ThreadId(01) building "addons/attendance" => "C:\\Repositories\\95th-Legion-Aux\\95th-Legion-Server\\.hemttout\\build\\addons\\AUX_95th_Server_attendance.pbo"
2024-10-24T13:48:25.057413Z TRACE ThreadId(01) adding file "XEH_preStart.sqfc"
2024-10-24T13:48:25.057609Z TRACE ThreadId(01) adding file "XEH_preStart.sqf"
2024-10-24T13:48:25.058202Z TRACE ThreadId(01) adding file "XEH_postInit_client.sqf"
2024-10-24T13:48:25.058499Z TRACE ThreadId(01) adding file "XEH_preInit_server.sqf"
2024-10-24T13:48:25.058892Z TRACE ThreadId(01) adding file "script_component.hpp"
2024-10-24T13:48:25.059076Z TRACE ThreadId(01) adding file "config.bin"
2024-10-24T13:48:25.059713Z TRACE ThreadId(01) adding file "XEH_preInit.sqfc"
2024-10-24T13:48:25.059730Z TRACE ThreadId(01) adding file "XEH_preInit_server.sqfc"
2024-10-24T13:48:25.059894Z TRACE ThreadId(01) adding file "XEH_PREP.hpp"
2024-10-24T13:48:25.060366Z TRACE ThreadId(01) adding file "CfgEventHandlers.hpp"
2024-10-24T13:48:25.060689Z TRACE ThreadId(01) adding file "XEH_preInit.sqf"
2024-10-24T13:48:25.060838Z TRACE ThreadId(01) adding file "XEH_postInit.sqfc"
2024-10-24T13:48:25.060995Z TRACE ThreadId(01) adding file "XEH_postInit.sqf"
2024-10-24T13:48:25.061147Z TRACE ThreadId(01) adding file "XEH_postInit_client.sqfc"
2024-10-24T13:48:25.061306Z TRACE ThreadId(01) adding file "functions\\script_component.hpp"
2024-10-24T13:48:25.062547Z DEBUG ThreadId(01) "C:\\Repositories\\95th-Legion-Aux\\95th-Legion-Server\\.hemttout\\build\\addons" already exists
2024-10-24T13:48:25.062562Z DEBUG ThreadId(01) building "addons/main" => "C:\\Repositories\\95th-Legion-Aux\\95th-Legion-Server\\.hemttout\\build\\addons\\AUX_95th_Server_main.pbo"
2024-10-24T13:48:25.063877Z TRACE ThreadId(01) adding file "config.bin"
2024-10-24T13:48:25.064029Z TRACE ThreadId(01) adding file "script_version.hpp"
2024-10-24T13:48:25.064779Z TRACE ThreadId(01) adding file "script_mod.hpp"
2024-10-24T13:48:25.065058Z TRACE ThreadId(01) adding file "script_component.hpp"
2024-10-24T13:48:25.065346Z TRACE ThreadId(01) adding file "script_macros.hpp"
2024-10-24T13:48:25.066382Z  INFO ThreadId(01) Built 2 PBOs
2024-10-24T13:48:25.066401Z TRACE ThreadId(01) phase: build (done)
2024-10-24T13:48:25.066408Z TRACE ThreadId(01) phase: post_build (Hooks) (start)
2024-10-24T13:48:25.066414Z TRACE ThreadId(01) phase: post_build (Hooks) (done)
2024-10-24T13:48:25.066418Z TRACE ThreadId(01) phase: post_build (Rapifier) (start)
2024-10-24T13:48:25.066422Z TRACE ThreadId(01) phase: post_build (Rapifier) (done)
2024-10-24T13:48:25.066426Z TRACE ThreadId(01) phase: post_build (SQF) (start)
2024-10-24T13:48:25.066434Z TRACE ThreadId(01) phase: post_build (SQF) (done)
2024-10-24T13:48:25.066438Z TRACE ThreadId(01) phase: post_build (Binarize) (start)
2024-10-24T13:48:25.066442Z TRACE ThreadId(01) phase: post_build (Binarize) (done)
2024-10-24T13:48:25.066446Z TRACE ThreadId(01) phase: post_build (Files) (start)
2024-10-24T13:48:25.090951Z DEBUG ThreadId(01) copying "/icon_64_ca.paa" => "C:\\Repositories\\95th-Legion-Aux\\95th-Legion-Server\\.hemttout\\build\\icon_64_ca.paa"
2024-10-24T13:48:25.093606Z DEBUG ThreadId(01) copying "/mod.cpp" => "C:\\Repositories\\95th-Legion-Aux\\95th-Legion-Server\\.hemttout\\build\\mod.cpp"
2024-10-24T13:48:25.095194Z DEBUG ThreadId(01) copying "/title_co.paa" => "C:\\Repositories\\95th-Legion-Aux\\95th-Legion-Server\\.hemttout\\build\\title_co.paa"
2024-10-24T13:48:25.096982Z DEBUG ThreadId(01) copying "/icon_128_ca.paa" => "C:\\Repositories\\95th-Legion-Aux\\95th-Legion-Server\\.hemttout\\build\\icon_128_ca.paa"
2024-10-24T13:48:25.098696Z DEBUG ThreadId(01) copying "/icon_128_highlight_ca.paa" => "C:\\Repositories\\95th-Legion-Aux\\95th-Legion-Server\\.hemttout\\build\\icon_128_highlight_ca.paa"
2024-10-24T13:48:25.118352Z  INFO ThreadId(01) Copied 5 files
2024-10-24T13:48:25.118397Z TRACE ThreadId(01) phase: post_build (Files) (done)
2024-10-24T13:48:25.123214Z TRACE ThreadId(01) writing ci annotations to .hemttout/ci_annotations.txt
2024-10-24T13:48:25.123358Z TRACE ThreadId(01) wrote 0 ci annotations to .hemttout/ci_annotations.txt
